# JRE version: Java(TM) SE Runtime Environment (8.0_211-b12) (build 1.8.0_211-b12)
# Java VM: Java HotSpot(TM) 64-Bit Server VM (25.211-b12 mixed mode windows-amd64 compressed oops)
Heap:
 PSYoungGen      total 161792K, used 95213K [0x00000000f5580000, 0x0000000100000000, 0x0000000100000000)
  eden space 150016K, 59% used [0x00000000f5580000,0x00000000facb66e0,0x00000000fe800000)
  from space 11776K, 50% used [0x00000000ff480000,0x00000000ffa44f58,0x0000000100000000)
  to   space 12288K, 0% used [0x00000000fe800000,0x00000000fe800000,0x00000000ff400000)
 ParOldGen       total 175104K, used 16144K [0x00000000e0000000, 0x00000000eab00000, 0x00000000f5580000)
  object space 175104K, 9% used [0x00000000e0000000,0x00000000e0fc42a0,0x00000000eab00000)
 Metaspace       used 46134K, capacity 48110K, committed 48384K, reserved 1091584K
  class space    used 6411K, capacity 6863K, committed 6912K, reserved 1048576K
GC Heap History (10 events):
Event: 5.635 GC heap before
{Heap before GC invocations=6 (full 1):
 PSYoungGen      total 76288K, used 65536K [0x00000000f5580000, 0x00000000fea80000, 0x0000000100000000)
  eden space 65536K, 100% used [0x00000000f5580000,0x00000000f9580000,0x00000000f9580000)
  from space 10752K, 0% used [0x00000000fa000000,0x00000000fa000000,0x00000000faa80000)
  to   space 10752K, 0% used [0x00000000f9580000,0x00000000f9580000,0x00000000fa000000)
 ParOldGen       total 175104K, used 8113K [0x00000000e0000000, 0x00000000eab00000, 0x00000000f5580000)
  object space 175104K, 4% used [0x00000000e0000000,0x00000000e07ec718,0x00000000eab00000)
 Metaspace       used 28445K, capacity 29382K, committed 29440K, reserved 1075200K
  class space    used 4100K, capacity 4345K, committed 4352K, reserved 1048576K
Event: 5.652 GC heap after
Heap after GC invocations=6 (full 1):
 PSYoungGen      total 76288K, used 8215K [0x00000000f5580000, 0x00000000fd800000, 0x0000000100000000)
  eden space 65536K, 0% used [0x00000000f5580000,0x00000000f5580000,0x00000000f9580000)
  from space 10752K, 76% used [0x00000000f9580000,0x00000000f9d85fd0,0x00000000fa000000)
  to   space 11776K, 0% used [0x00000000fcc80000,0x00000000fcc80000,0x00000000fd800000)
 ParOldGen       total 175104K, used 8121K [0x00000000e0000000, 0x00000000eab00000, 0x00000000f5580000)
  object space 175104K, 4% used [0x00000000e0000000,0x00000000e07ee718,0x00000000eab00000)
 Metaspace       used 28445K, capacity 29382K, committed 29440K, reserved 1075200K
  class space    used 4100K, capacity 4345K, committed 4352K, reserved 1048576K
}
Event: 18.873 GC heap before
{Heap before GC invocations=7 (full 1):
 PSYoungGen      total 76288K, used 73751K [0x00000000f5580000, 0x00000000fd800000, 0x0000000100000000)
  eden space 65536K, 100% used [0x00000000f5580000,0x00000000f9580000,0x00000000f9580000)
  from space 10752K, 76% used [0x00000000f9580000,0x00000000f9d85fd0,0x00000000fa000000)
  to   space 11776K, 0% used [0x00000000fcc80000,0x00000000fcc80000,0x00000000fd800000)
 ParOldGen       total 175104K, used 8121K [0x00000000e0000000, 0x00000000eab00000, 0x00000000f5580000)
  object space 175104K, 4% used [0x00000000e0000000,0x00000000e07ee718,0x00000000eab00000)
 Metaspace       used 32714K, capacity 33812K, committed 34176K, reserved 1079296K
  class space    used 4651K, capacity 4927K, committed 4992K, reserved 1048576K
Event: 18.885 GC heap after
Heap after GC invocations=7 (full 1):
 PSYoungGen      total 116224K, used 9864K [0x00000000f5580000, 0x00000000fd680000, 0x0000000100000000)
  eden space 105984K, 0% used [0x00000000f5580000,0x00000000f5580000,0x00000000fbd00000)
  from space 10240K, 96% used [0x00000000fcc80000,0x00000000fd622108,0x00000000fd680000)
  to   space 12288K, 0% used [0x00000000fbe80000,0x00000000fbe80000,0x00000000fca80000)
 ParOldGen       total 175104K, used 8129K [0x00000000e0000000, 0x00000000eab00000, 0x00000000f5580000)
  object space 175104K, 4% used [0x00000000e0000000,0x00000000e07f0718,0x00000000eab00000)
 Metaspace       used 32714K, capacity 33812K, committed 34176K, reserved 1079296K
  class space    used 4651K, capacity 4927K, committed 4992K, reserved 1048576K
}
Event: 19.150 GC heap before
{Heap before GC invocations=8 (full 1):
 PSYoungGen      total 116224K, used 44471K [0x00000000f5580000, 0x00000000fd680000, 0x0000000100000000)
  eden space 105984K, 32% used [0x00000000f5580000,0x00000000f774be48,0x00000000fbd00000)
  from space 10240K, 96% used [0x00000000fcc80000,0x00000000fd622108,0x00000000fd680000)
  to   space 12288K, 0% used [0x00000000fbe80000,0x00000000fbe80000,0x00000000fca80000)
 ParOldGen       total 175104K, used 8129K [0x00000000e0000000, 0x00000000eab00000, 0x00000000f5580000)
  object space 175104K, 4% used [0x00000000e0000000,0x00000000e07f0718,0x00000000eab00000)
 Metaspace       used 34282K, capacity 35468K, committed 35496K, reserved 1079296K
  class space    used 4807K, capacity 5110K, committed 5120K, reserved 1048576K
Event: 19.165 GC heap after
Heap after GC invocations=8 (full 1):
 PSYoungGen      total 119808K, used 9388K [0x00000000f5580000, 0x0000000100000000, 0x0000000100000000)
  eden space 107520K, 0% used [0x00000000f5580000,0x00000000f5580000,0x00000000fbe80000)
  from space 12288K, 76% used [0x00000000fbe80000,0x00000000fc7ab3c8,0x00000000fca80000)
  to   space 11776K, 0% used [0x00000000ff480000,0x00000000ff480000,0x0000000100000000)
 ParOldGen       total 175104K, used 8137K [0x00000000e0000000, 0x00000000eab00000, 0x00000000f5580000)
  object space 175104K, 4% used [0x00000000e0000000,0x00000000e07f2718,0x00000000eab00000)
 Metaspace       used 34282K, capacity 35468K, committed 35496K, reserved 1079296K
  class space    used 4807K, capacity 5110K, committed 5120K, reserved 1048576K
}
Event: 19.166 GC heap before
{Heap before GC invocations=9 (full 2):
 PSYoungGen      total 119808K, used 9388K [0x00000000f5580000, 0x0000000100000000, 0x0000000100000000)
  eden space 107520K, 0% used [0x00000000f5580000,0x00000000f5580000,0x00000000fbe80000)
  from space 12288K, 76% used [0x00000000fbe80000,0x00000000fc7ab3c8,0x00000000fca80000)
  to   space 11776K, 0% used [0x00000000ff480000,0x00000000ff480000,0x0000000100000000)
 ParOldGen       total 175104K, used 8137K [0x00000000e0000000, 0x00000000eab00000, 0x00000000f5580000)
  object space 175104K, 4% used [0x00000000e0000000,0x00000000e07f2718,0x00000000eab00000)
 Metaspace       used 34282K, capacity 35468K, committed 35496K, reserved 1079296K
  class space    used 4807K, capacity 5110K, committed 5120K, reserved 1048576K
Event: 19.220 GC heap after
Heap after GC invocations=9 (full 2):
 PSYoungGen      total 119808K, used 0K [0x00000000f5580000, 0x0000000100000000, 0x0000000100000000)
  eden space 107520K, 0% used [0x00000000f5580000,0x00000000f5580000,0x00000000fbe80000)
  from space 12288K, 0% used [0x00000000fbe80000,0x00000000fbe80000,0x00000000fca80000)
  to   space 11776K, 0% used [0x00000000ff480000,0x00000000ff480000,0x0000000100000000)
 ParOldGen       total 175104K, used 16136K [0x00000000e0000000, 0x00000000eab00000, 0x00000000f5580000)
  object space 175104K, 9% used [0x00000000e0000000,0x00000000e0fc22a0,0x00000000eab00000)
 Metaspace       used 34282K, capacity 35468K, committed 35496K, reserved 1079296K
  class space    used 4807K, capacity 5110K, committed 5120K, reserved 1048576K
}
Event: 21.583 GC heap before
{Heap before GC invocations=10 (full 2):
 PSYoungGen      total 119808K, used 107520K [0x00000000f5580000, 0x0000000100000000, 0x0000000100000000)
  eden space 107520K, 100% used [0x00000000f5580000,0x00000000fbe80000,0x00000000fbe80000)
  from space 12288K, 0% used [0x00000000fbe80000,0x00000000fbe80000,0x00000000fca80000)
  to   space 11776K, 0% used [0x00000000ff480000,0x00000000ff480000,0x0000000100000000)
 ParOldGen       total 175104K, used 16136K [0x00000000e0000000, 0x00000000eab00000, 0x00000000f5580000)
  object space 175104K, 9% used [0x00000000e0000000,0x00000000e0fc22a0,0x00000000eab00000)
 Metaspace       used 37786K, capacity 39538K, committed 39808K, reserved 1083392K
  class space    used 5312K, capacity 5719K, committed 5760K, reserved 1048576K
Event: 21.591 GC heap after
Heap after GC invocations=10 (full 2):
 PSYoungGen      total 161792K, used 5907K [0x00000000f5580000, 0x0000000100000000, 0x0000000100000000)
  eden space 150016K, 0% used [0x00000000f5580000,0x00000000f5580000,0x00000000fe800000)
  from space 11776K, 50% used [0x00000000ff480000,0x00000000ffa44f58,0x0000000100000000)
  to   space 12288K, 0% used [0x00000000fe800000,0x00000000fe800000,0x00000000ff400000)
 ParOldGen       total 175104K, used 16144K [0x00000000e0000000, 0x00000000eab00000, 0x00000000f5580000)
  object space 175104K, 9% used [0x00000000e0000000,0x00000000e0fc42a0,0x00000000eab00000)
 Metaspace       used 37786K, capacity 39538K, committed 39808K, reserved 1083392K
  class space    used 5312K, capacity 5719K, committed 5760K, reserved 1048576K
}

